<?xml version="1.0" encoding="UTF-8"?>
<testng-results ignored="0" total="1" passed="1" failed="0" skipped="0">
  <reporter-output>
  </reporter-output>
  <suite started-at="2021-03-14T10:59:30 NZDT" name="Default suite" finished-at="2021-03-14T10:59:38 NZDT" duration-ms="7383">
    <groups>
    </groups>
    <test started-at="2021-03-14T10:59:30 NZDT" name="Default test" finished-at="2021-03-14T10:59:38 NZDT" duration-ms="7383">
      <class name="qa.testcases.HomePageTest">
        <test-method is-config="true" signature="setVariables()[pri:0, instance:qa.testcases.HomePageTest@161479c6]" started-at="2021-03-14T10:59:30 NZDT" name="setVariables" finished-at="2021-03-14T10:59:30 NZDT" duration-ms="123" status="PASS">
          <reporter-output>
          </reporter-output>
        </test-method> <!-- setVariables -->
        <test-method is-config="true" signature="setUp()[pri:0, instance:qa.testcases.HomePageTest@161479c6]" started-at="2021-03-14T10:59:30 NZDT" name="setUp" finished-at="2021-03-14T10:59:35 NZDT" duration-ms="5115" status="PASS">
          <reporter-output>
          </reporter-output>
        </test-method> <!-- setUp -->
        <test-method signature="verifyRailFreightTab()[pri:1, instance:qa.testcases.HomePageTest@161479c6]" started-at="2021-03-14T10:59:35 NZDT" name="verifyRailFreightTab" finished-at="2021-03-14T10:59:37 NZDT" duration-ms="1579" status="PASS">
          <reporter-output>
          </reporter-output>
        </test-method> <!-- verifyRailFreightTab -->
        <test-method is-config="true" signature="pauseReporting()[pri:0, instance:qa.testcases.HomePageTest@161479c6]" started-at="2021-03-14T10:59:37 NZDT" name="pauseReporting" finished-at="2021-03-14T10:59:38 NZDT" duration-ms="529" status="PASS">
          <reporter-output>
          </reporter-output>
        </test-method> <!-- pauseReporting -->
      </class> <!-- qa.testcases.HomePageTest -->
    </test> <!-- Default test -->
  </suite> <!-- Default suite -->
</testng-results>
